<?xml version="1.0" encoding="UTF-8"?>
<!-- Generated by org.testng.reporters.JUnitReportReporter -->
<testsuite hostname="DESKTOP-O170FMQ" failures="0" tests="1" name="MIT_DomainRegistration.com.DomainRegistration_com" time="26.081" errors="0" timestamp="2025-05-07T16:09:26 AEST" skipped="0">
  <testcase classname="MIT_DomainRegistration.com.DomainRegistration_com" name="Createacct" time="26.081"/>
  <system-out/>
</testsuite> <!-- MIT_DomainRegistration.com.DomainRegistration_com -->
