<?xml version="1.0" encoding="UTF-8"?>
<!-- Generated by org.testng.reporters.JUnitReportReporter -->
<testsuite hostname="DESKTOP-O170FMQ" failures="0" tests="1" name="MIT_DomainRegistration.com.Shadow" time="80.301" errors="0" timestamp="2025-05-12T06:16:30 AEST" skipped="0">
  <testcase classname="MIT_DomainRegistration.com.Shadow" name="Createacct" time="80.301"/>
  <system-out/>
</testsuite> <!-- MIT_DomainRegistration.com.Shadow -->
