<?xml version="1.0" encoding="UTF-8"?>
<!-- Generated by org.testng.reporters.JUnitReportReporter -->
<testsuite hostname="DESKTOP-O170FMQ" failures="0" tests="1" name="MIT_DomainRegistration.com.End_to_End_DomainRegistration_ExistingCU" time="89.643" errors="0" timestamp="2025-05-14T16:28:02 AEST" skipped="0">
  <testcase classname="MIT_DomainRegistration.com.End_to_End_DomainRegistration_ExistingCU" name="domainregistration_ExistingCU" time="89.643"/>
  <system-out/>
</testsuite> <!-- MIT_DomainRegistration.com.End_to_End_DomainRegistration_ExistingCU -->
